Arguments: 
  /usr/local/bin/node /usr/local/bin/yarn install

PATH: 
  /Users/guilhermemilfont/.rvm/gems/ruby-2.4.1/bin:/Users/guilhermemilfont/.rvm/gems/ruby-2.4.1@global/bin:/Users/guilhermemilfont/.rvm/rubies/ruby-2.4.1/bin:/Users/guilhermemilfont/bin:/usr/local/bin:/usr/local/sbin:/usr/bin:/bin:/usr/sbin:/sbin:/Users/guilhermemilfont/.rvm/bin

Yarn version: 
  0.24.6

Node version: 
  8.1.2

Platform: 
  darwin x64

npm manifest: 
  {
    "name": "front",
    "version": "1.0.0",
    "main": "index.js",
    "scripts": {
      "build": "webpack -p",
      "start": "webpack-dev-server --open"
    },
    "keywords": [],
    "author": "",
    "license": "ISC",
    "devDependencies": {
      "babel-core": "^6.24.1",
      "babel-loader": "^7.0.0",
      "babel-preset-es2015": "^6.24.1",
      "css-loader": "^0.28.4",
      "extract-text-webpack-plugin": "^2.1.0",
      "file-loader": "^0.11.1",
      "flickity": "^2.0.8",
      "html-webpack-plugin": "^2.28.0",
      "import-glob-loader": "^1.1.0",
      "node-sass": "^4.5.3",
      "sass-loader": "^6.0.5",
      "style-loader": "^0.18.1",
      "url-loader": "^0.5.8",
      "webpack": "^2.6.1",
      "webpack-dev-server": "2"
    },
    "dependencies": {
      "normalize.css": "^7.0.0"
    },
    "description": ""
  }

yarn manifest: 
  No manifest

Lockfile: 
  No lockfile

Trace: 
  Error: https://registry.yarnpkg.com/extract-text-webpack-plugin: ETIMEDOUT
      at Timeout._onTimeout (/usr/local/Cellar/yarn/0.24.6/libexec/lib/yarn-cli.js:108518:19)
      at ontimeout (timers.js:488:11)
      at tryOnTimeout (timers.js:323:5)
      at Timer.listOnTimeout (timers.js:283:5)
